<?xml version="1.0" encoding="UTF-8"?>
<!-- Generated by org.testng.reporters.JUnitXMLReporter -->
<testsuite ignored="0" hostname="DESKTOP-S5LVNE2" failures="1" tests="3" name="Test" time="0.058" errors="0" timestamp="2024-09-25T16:29:08 IST">
  <testcase classname="TestNG_Script.TestCases" name="testCase" time="0.009"/>
  <testcase classname="TestNG_Script.TestCases" name="testCase1" time="0.002">
    <failure type="java.lang.AssertionError" message="expected [true] but found [false]">
      <![CDATA[java.lang.AssertionError: expected [true] but found [false]
at TestNG_Script.TestCases.testCase1(TestCases.java:20)
at java.base/java.util.ArrayList.forEach(ArrayList.java:1511)
... Removed 31 stack frames]]>
    </failure>
  </testcase> <!-- testCase1 -->
  <testcase classname="TestNG_Script.TestCases" name="testCase2" time="0.002">
    <skipped/>
  </testcase> <!-- testCase2 -->
</testsuite> <!-- Test -->
